
*** Running vivado
    with args -log design_1_auto_cc_1.vds -m64 -product Vivado -mode batch -messageDb vivado.pb -notrace -source design_1_auto_cc_1.tcl



****** Vivado v2022.2 (64-bit)
  **** SW Build 3671981 on Fri Oct 14 05:00:03 MDT 2022
  **** IP Build 3669848 on Fri Oct 14 08:30:02 MDT 2022
    ** Copyright 1986-2022 Xilinx, Inc. All Rights Reserved.

source design_1_auto_cc_1.tcl -notrace
create_project: Time (s): cpu = 00:00:02 ; elapsed = 00:00:08 . Memory (MB): peak = 376.824 ; gain = 64.930
INFO: [IP_Flow 19-234] Refreshing IP repositories
INFO: [IP_Flow 19-1700] Loaded user IP repository 'c:/Users/ihsan/Documents/Vivado_project/IP_Repo'.
INFO: [IP_Flow 19-2313] Loaded Vivado IP repository 'C:/Xilinx/Vivado/2022.2/data/ip'.
INFO: [IP_Flow 19-6924] IPCACHE: Running cache check for IP inst: design_1_auto_cc_1
INFO: [IP_Flow 19-6922] IPCACHE: Exporting cached entry 8287d072343495eb to dir: C:/Users/ihsan/Documents/Vivado_project/SVM_Speech_30/SVM_Speech_30.runs/design_1_auto_cc_1_synth_1
INFO: [IP_Flow 19-6928] IPCACHE: copied cached file c:/Users/ihsan/Documents/Vivado_project/SVM_Speech_30/SVM_Speech_30.cache/ip/2022.2/8/2/8287d072343495eb/design_1_auto_cc_2.dcp to C:/Users/ihsan/Documents/Vivado_project/SVM_Speech_30/SVM_Speech_30.runs/design_1_auto_cc_1_synth_1/design_1_auto_cc_1.dcp.
INFO: [IP_Flow 19-6928] IPCACHE: copied cached file c:/Users/ihsan/Documents/Vivado_project/SVM_Speech_30/SVM_Speech_30.cache/ip/2022.2/8/2/8287d072343495eb/design_1_auto_cc_2_sim_netlist.v to C:/Users/ihsan/Documents/Vivado_project/SVM_Speech_30/SVM_Speech_30.runs/design_1_auto_cc_1_synth_1/design_1_auto_cc_1_sim_netlist.v.
INFO: [IP_Flow 19-6928] IPCACHE: copied cached file c:/Users/ihsan/Documents/Vivado_project/SVM_Speech_30/SVM_Speech_30.cache/ip/2022.2/8/2/8287d072343495eb/design_1_auto_cc_2_sim_netlist.vhdl to C:/Users/ihsan/Documents/Vivado_project/SVM_Speech_30/SVM_Speech_30.runs/design_1_auto_cc_1_synth_1/design_1_auto_cc_1_sim_netlist.vhdl.
INFO: [IP_Flow 19-6928] IPCACHE: copied cached file c:/Users/ihsan/Documents/Vivado_project/SVM_Speech_30/SVM_Speech_30.cache/ip/2022.2/8/2/8287d072343495eb/design_1_auto_cc_2_stub.v to C:/Users/ihsan/Documents/Vivado_project/SVM_Speech_30/SVM_Speech_30.runs/design_1_auto_cc_1_synth_1/design_1_auto_cc_1_stub.v.
INFO: [IP_Flow 19-6928] IPCACHE: copied cached file c:/Users/ihsan/Documents/Vivado_project/SVM_Speech_30/SVM_Speech_30.cache/ip/2022.2/8/2/8287d072343495eb/design_1_auto_cc_2_stub.vhdl to C:/Users/ihsan/Documents/Vivado_project/SVM_Speech_30/SVM_Speech_30.runs/design_1_auto_cc_1_synth_1/design_1_auto_cc_1_stub.vhdl.
INFO: [IP_Flow 19-4838] Using cached IP synthesis design for IP design_1_auto_cc_1, cache-ID = 8287d072343495eb.
INFO: [Common 17-206] Exiting Vivado at Sat Dec 24 06:45:19 2022...
